<?xml version="1.0" encoding="UTF-8"?>
<!-- Generated by org.testng.reporters.JUnitReportReporter -->
<testsuite hostname="H16" failures="0" tests="1" name="testCases.Temp" time="0.009" errors="0" timestamp="2023-04-16T01:15:07 TRT" skipped="0">
  <testcase classname="testCases.Temp" name="mainn" time="0.009"/>
  <system-out/>
</testsuite> <!-- testCases.Temp -->
